<?xml version="1.0" encoding="utf-8"?><testsuites><testsuite name="pytest" errors="0" failures="0" skipped="0" tests="17" time="278.315" timestamp="2023-04-23T22:55:57.926781" hostname="628c58770345"><testcase classname="test.validation.test_distribution_estimator" name="test_Gaussian_KS" time="0.215" /><testcase classname="test.validation.test_distribution_estimator" name="test_Gaussian_CVM" time="0.179" /><testcase classname="test.validation.test_distribution_estimator" name="test_Gaussian_AD" time="0.239" /><testcase classname="test.validation.test_distribution_estimator" name="test_StudentsT_KS" time="1.609" /><testcase classname="test.validation.test_distribution_estimator" name="test_StudentsT_CVM" time="1.192" /><testcase classname="test.validation.test_distribution_estimator" name="test_StudentsT_AD" time="0.266" /><testcase classname="test.validation.test_distribution_estimator" name="test_Cauchy_KS" time="2.000" /><testcase classname="test.validation.test_distribution_estimator" name="test_Cauchy_CVM" time="2.044" /><testcase classname="test.validation.test_distribution_estimator" name="test_Cauchy_AD" time="2.261" /><testcase classname="test.validation.test_distribution_estimator" name="test_GPD_Grimshaw_MLE" time="0.012" /><testcase classname="test.validation.test_distribution_estimator" name="test_GPD_MOM" time="0.001" /><testcase classname="test.validation.test_distribution_estimator" name="test_GPD_PWM" time="0.001" /><testcase classname="test.validation.test_distribution_overbounder" name="test_FusionGaussian" time="0.007" /><testcase classname="test.validation.test_distribution_overbounder" name="test_SymmetricGaussianOverbound" time="32.874" /><testcase classname="test.validation.test_distribution_overbounder" name="test_SymmetricGPO" time="58.731" /><testcase classname="test.validation.test_distribution_overbounder" name="test_PairedGaussianOverbound" time="41.566" /><testcase classname="test.validation.test_distribution_overbounder" name="test_PairedGPO" time="133.245" /></testsuite></testsuites>