<?xml version="1.0" encoding="utf-8"?><testsuites><testsuite name="pytest" errors="0" failures="0" skipped="0" tests="17" time="484.617" timestamp="2023-04-26T10:41:22.170939" hostname="b7043b42c5c0"><testcase classname="test.validation.test_distribution_estimator" name="test_Gaussian_KS" time="0.322" /><testcase classname="test.validation.test_distribution_estimator" name="test_Gaussian_CVM" time="0.331" /><testcase classname="test.validation.test_distribution_estimator" name="test_Gaussian_AD" time="0.331" /><testcase classname="test.validation.test_distribution_estimator" name="test_StudentsT_KS" time="2.319" /><testcase classname="test.validation.test_distribution_estimator" name="test_StudentsT_CVM" time="2.032" /><testcase classname="test.validation.test_distribution_estimator" name="test_StudentsT_AD" time="0.487" /><testcase classname="test.validation.test_distribution_estimator" name="test_Cauchy_KS" time="4.275" /><testcase classname="test.validation.test_distribution_estimator" name="test_Cauchy_CVM" time="3.643" /><testcase classname="test.validation.test_distribution_estimator" name="test_Cauchy_AD" time="4.689" /><testcase classname="test.validation.test_distribution_estimator" name="test_GPD_Grimshaw_MLE" time="0.025" /><testcase classname="test.validation.test_distribution_estimator" name="test_GPD_MOM" time="0.002" /><testcase classname="test.validation.test_distribution_estimator" name="test_GPD_PWM" time="0.002" /><testcase classname="test.validation.test_distribution_overbounder" name="test_FusionGaussian" time="0.010" /><testcase classname="test.validation.test_distribution_overbounder" name="test_SymmetricGaussianOverbound" time="58.032" /><testcase classname="test.validation.test_distribution_overbounder" name="test_SymmetricGPO" time="101.771" /><testcase classname="test.validation.test_distribution_overbounder" name="test_PairedGaussianOverbound" time="66.373" /><testcase classname="test.validation.test_distribution_overbounder" name="test_PairedGPO" time="237.517" /></testsuite></testsuites>