<?xml version="1.0" encoding="utf-8"?><testsuites><testsuite name="pytest" errors="0" failures="0" skipped="0" tests="17" time="340.507" timestamp="2023-04-26T09:42:37.278208" hostname="302a79782bde"><testcase classname="test.validation.test_distribution_estimator" name="test_Gaussian_KS" time="0.222" /><testcase classname="test.validation.test_distribution_estimator" name="test_Gaussian_CVM" time="0.206" /><testcase classname="test.validation.test_distribution_estimator" name="test_Gaussian_AD" time="0.259" /><testcase classname="test.validation.test_distribution_estimator" name="test_StudentsT_KS" time="1.407" /><testcase classname="test.validation.test_distribution_estimator" name="test_StudentsT_CVM" time="1.512" /><testcase classname="test.validation.test_distribution_estimator" name="test_StudentsT_AD" time="0.340" /><testcase classname="test.validation.test_distribution_estimator" name="test_Cauchy_KS" time="2.377" /><testcase classname="test.validation.test_distribution_estimator" name="test_Cauchy_CVM" time="2.406" /><testcase classname="test.validation.test_distribution_estimator" name="test_Cauchy_AD" time="2.957" /><testcase classname="test.validation.test_distribution_estimator" name="test_GPD_Grimshaw_MLE" time="0.015" /><testcase classname="test.validation.test_distribution_estimator" name="test_GPD_MOM" time="0.001" /><testcase classname="test.validation.test_distribution_estimator" name="test_GPD_PWM" time="0.002" /><testcase classname="test.validation.test_distribution_overbounder" name="test_FusionGaussian" time="0.009" /><testcase classname="test.validation.test_distribution_overbounder" name="test_SymmetricGaussianOverbound" time="38.412" /><testcase classname="test.validation.test_distribution_overbounder" name="test_SymmetricGPO" time="72.315" /><testcase classname="test.validation.test_distribution_overbounder" name="test_PairedGaussianOverbound" time="51.282" /><testcase classname="test.validation.test_distribution_overbounder" name="test_PairedGPO" time="164.581" /></testsuite></testsuites>