<?xml version="1.0" encoding="utf-8"?><testsuites><testsuite name="pytest" errors="0" failures="0" skipped="0" tests="17" time="347.705" timestamp="2023-04-26T13:05:43.774062" hostname="a1aeaff3ad84"><testcase classname="test.validation.test_distribution_estimator" name="test_Gaussian_KS" time="0.223" /><testcase classname="test.validation.test_distribution_estimator" name="test_Gaussian_CVM" time="0.215" /><testcase classname="test.validation.test_distribution_estimator" name="test_Gaussian_AD" time="0.238" /><testcase classname="test.validation.test_distribution_estimator" name="test_StudentsT_KS" time="1.762" /><testcase classname="test.validation.test_distribution_estimator" name="test_StudentsT_CVM" time="1.258" /><testcase classname="test.validation.test_distribution_estimator" name="test_StudentsT_AD" time="0.394" /><testcase classname="test.validation.test_distribution_estimator" name="test_Cauchy_KS" time="2.874" /><testcase classname="test.validation.test_distribution_estimator" name="test_Cauchy_CVM" time="2.985" /><testcase classname="test.validation.test_distribution_estimator" name="test_Cauchy_AD" time="2.826" /><testcase classname="test.validation.test_distribution_estimator" name="test_GPD_Grimshaw_MLE" time="0.015" /><testcase classname="test.validation.test_distribution_estimator" name="test_GPD_MOM" time="0.001" /><testcase classname="test.validation.test_distribution_estimator" name="test_GPD_PWM" time="0.002" /><testcase classname="test.validation.test_distribution_overbounder" name="test_FusionGaussian" time="0.010" /><testcase classname="test.validation.test_distribution_overbounder" name="test_SymmetricGaussianOverbound" time="38.082" /><testcase classname="test.validation.test_distribution_overbounder" name="test_SymmetricGPO" time="73.403" /><testcase classname="test.validation.test_distribution_overbounder" name="test_PairedGaussianOverbound" time="51.634" /><testcase classname="test.validation.test_distribution_overbounder" name="test_PairedGPO" time="169.428" /></testsuite></testsuites>