<?xml version="1.0" encoding="utf-8"?><testsuites><testsuite name="pytest" errors="0" failures="0" skipped="0" tests="17" time="285.428" timestamp="2023-04-26T10:03:53.927245" hostname="e21b547bb913"><testcase classname="test.validation.test_distribution_estimator" name="test_Gaussian_KS" time="0.174" /><testcase classname="test.validation.test_distribution_estimator" name="test_Gaussian_CVM" time="0.211" /><testcase classname="test.validation.test_distribution_estimator" name="test_Gaussian_AD" time="0.213" /><testcase classname="test.validation.test_distribution_estimator" name="test_StudentsT_KS" time="1.216" /><testcase classname="test.validation.test_distribution_estimator" name="test_StudentsT_CVM" time="1.256" /><testcase classname="test.validation.test_distribution_estimator" name="test_StudentsT_AD" time="0.250" /><testcase classname="test.validation.test_distribution_estimator" name="test_Cauchy_KS" time="2.112" /><testcase classname="test.validation.test_distribution_estimator" name="test_Cauchy_CVM" time="2.002" /><testcase classname="test.validation.test_distribution_estimator" name="test_Cauchy_AD" time="3.235" /><testcase classname="test.validation.test_distribution_estimator" name="test_GPD_Grimshaw_MLE" time="0.012" /><testcase classname="test.validation.test_distribution_estimator" name="test_GPD_MOM" time="0.001" /><testcase classname="test.validation.test_distribution_estimator" name="test_GPD_PWM" time="0.001" /><testcase classname="test.validation.test_distribution_overbounder" name="test_FusionGaussian" time="0.008" /><testcase classname="test.validation.test_distribution_overbounder" name="test_SymmetricGaussianOverbound" time="34.155" /><testcase classname="test.validation.test_distribution_overbounder" name="test_SymmetricGPO" time="60.526" /><testcase classname="test.validation.test_distribution_overbounder" name="test_PairedGaussianOverbound" time="40.204" /><testcase classname="test.validation.test_distribution_overbounder" name="test_PairedGPO" time="137.985" /></testsuite></testsuites>