<?xml version="1.0" encoding="utf-8"?><testsuites><testsuite name="pytest" errors="0" failures="0" skipped="0" tests="17" time="293.489" timestamp="2023-04-26T08:25:52.438563" hostname="0ce88f566747"><testcase classname="test.validation.test_distribution_estimator" name="test_Gaussian_KS" time="0.195" /><testcase classname="test.validation.test_distribution_estimator" name="test_Gaussian_CVM" time="0.178" /><testcase classname="test.validation.test_distribution_estimator" name="test_Gaussian_AD" time="0.207" /><testcase classname="test.validation.test_distribution_estimator" name="test_StudentsT_KS" time="1.356" /><testcase classname="test.validation.test_distribution_estimator" name="test_StudentsT_CVM" time="1.319" /><testcase classname="test.validation.test_distribution_estimator" name="test_StudentsT_AD" time="0.274" /><testcase classname="test.validation.test_distribution_estimator" name="test_Cauchy_KS" time="2.350" /><testcase classname="test.validation.test_distribution_estimator" name="test_Cauchy_CVM" time="2.109" /><testcase classname="test.validation.test_distribution_estimator" name="test_Cauchy_AD" time="2.382" /><testcase classname="test.validation.test_distribution_estimator" name="test_GPD_Grimshaw_MLE" time="0.013" /><testcase classname="test.validation.test_distribution_estimator" name="test_GPD_MOM" time="0.001" /><testcase classname="test.validation.test_distribution_estimator" name="test_GPD_PWM" time="0.001" /><testcase classname="test.validation.test_distribution_overbounder" name="test_FusionGaussian" time="0.009" /><testcase classname="test.validation.test_distribution_overbounder" name="test_SymmetricGaussianOverbound" time="32.384" /><testcase classname="test.validation.test_distribution_overbounder" name="test_SymmetricGPO" time="61.396" /><testcase classname="test.validation.test_distribution_overbounder" name="test_PairedGaussianOverbound" time="44.685" /><testcase classname="test.validation.test_distribution_overbounder" name="test_PairedGPO" time="142.721" /></testsuite></testsuites>