<?xml version="1.0" encoding="utf-8"?><testsuites><testsuite name="pytest" errors="0" failures="0" skipped="0" tests="17" time="278.173" timestamp="2023-04-26T08:53:24.615596" hostname="9cc8071b2094"><testcase classname="test.validation.test_distribution_estimator" name="test_Gaussian_KS" time="0.205" /><testcase classname="test.validation.test_distribution_estimator" name="test_Gaussian_CVM" time="0.186" /><testcase classname="test.validation.test_distribution_estimator" name="test_Gaussian_AD" time="0.195" /><testcase classname="test.validation.test_distribution_estimator" name="test_StudentsT_KS" time="1.224" /><testcase classname="test.validation.test_distribution_estimator" name="test_StudentsT_CVM" time="1.238" /><testcase classname="test.validation.test_distribution_estimator" name="test_StudentsT_AD" time="0.369" /><testcase classname="test.validation.test_distribution_estimator" name="test_Cauchy_KS" time="2.672" /><testcase classname="test.validation.test_distribution_estimator" name="test_Cauchy_CVM" time="2.121" /><testcase classname="test.validation.test_distribution_estimator" name="test_Cauchy_AD" time="2.585" /><testcase classname="test.validation.test_distribution_estimator" name="test_GPD_Grimshaw_MLE" time="0.012" /><testcase classname="test.validation.test_distribution_estimator" name="test_GPD_MOM" time="0.001" /><testcase classname="test.validation.test_distribution_estimator" name="test_GPD_PWM" time="0.001" /><testcase classname="test.validation.test_distribution_overbounder" name="test_FusionGaussian" time="0.008" /><testcase classname="test.validation.test_distribution_overbounder" name="test_SymmetricGaussianOverbound" time="32.528" /><testcase classname="test.validation.test_distribution_overbounder" name="test_SymmetricGPO" time="58.340" /><testcase classname="test.validation.test_distribution_overbounder" name="test_PairedGaussianOverbound" time="41.285" /><testcase classname="test.validation.test_distribution_overbounder" name="test_PairedGPO" time="133.321" /></testsuite></testsuites>