<?xml version="1.0" encoding="utf-8"?><testsuites><testsuite name="pytest" errors="0" failures="0" skipped="0" tests="15" time="54.669" timestamp="2024-11-11T16:16:13.920053+00:00" hostname="ac06fdd11d1d"><testcase classname="test.validation.test_distribution_estimator" name="test_Gaussian_KS" time="0.143" /><testcase classname="test.validation.test_distribution_estimator" name="test_Gaussian_CVM" time="0.161" /><testcase classname="test.validation.test_distribution_estimator" name="test_Gaussian_AD" time="0.140" /><testcase classname="test.validation.test_distribution_estimator" name="test_StudentsT_KS" time="0.900" /><testcase classname="test.validation.test_distribution_estimator" name="test_StudentsT_CVM" time="0.901" /><testcase classname="test.validation.test_distribution_estimator" name="test_StudentsT_AD" time="0.184" /><testcase classname="test.validation.test_distribution_estimator" name="test_Cauchy_KS" time="1.533" /><testcase classname="test.validation.test_distribution_estimator" name="test_Cauchy_CVM" time="1.468" /><testcase classname="test.validation.test_distribution_estimator" name="test_Cauchy_AD" time="1.545" /><testcase classname="test.validation.test_distribution_estimator" name="test_GPD_Grimshaw_MLE" time="0.009" /><testcase classname="test.validation.test_distribution_estimator" name="test_GPD_MOM" time="0.001" /><testcase classname="test.validation.test_distribution_estimator" name="test_GPD_PWM" time="0.001" /><testcase classname="test.validation.test_distribution_overbounder" name="test_FusionGaussian" time="0.006" /><testcase classname="test.validation.test_distribution_overbounder" name="test_SymmetricGaussianOverbound" time="1.491" /><testcase classname="test.validation.test_distribution_overbounder" name="test_SymmetricGPO" time="44.504" /></testsuite></testsuites>