<?xml version="1.0" encoding="utf-8"?><testsuites><testsuite name="pytest" errors="0" failures="0" skipped="0" tests="15" time="55.889" timestamp="2024-11-11T16:41:11.009866+00:00" hostname="c55d6ee0dfe0"><testcase classname="test.validation.test_distribution_estimator" name="test_Gaussian_KS" time="0.175" /><testcase classname="test.validation.test_distribution_estimator" name="test_Gaussian_CVM" time="0.164" /><testcase classname="test.validation.test_distribution_estimator" name="test_Gaussian_AD" time="0.175" /><testcase classname="test.validation.test_distribution_estimator" name="test_StudentsT_KS" time="0.873" /><testcase classname="test.validation.test_distribution_estimator" name="test_StudentsT_CVM" time="0.831" /><testcase classname="test.validation.test_distribution_estimator" name="test_StudentsT_AD" time="0.189" /><testcase classname="test.validation.test_distribution_estimator" name="test_Cauchy_KS" time="1.719" /><testcase classname="test.validation.test_distribution_estimator" name="test_Cauchy_CVM" time="1.502" /><testcase classname="test.validation.test_distribution_estimator" name="test_Cauchy_AD" time="1.571" /><testcase classname="test.validation.test_distribution_estimator" name="test_GPD_Grimshaw_MLE" time="0.009" /><testcase classname="test.validation.test_distribution_estimator" name="test_GPD_MOM" time="0.001" /><testcase classname="test.validation.test_distribution_estimator" name="test_GPD_PWM" time="0.001" /><testcase classname="test.validation.test_distribution_overbounder" name="test_FusionGaussian" time="0.006" /><testcase classname="test.validation.test_distribution_overbounder" name="test_SymmetricGaussianOverbound" time="1.523" /><testcase classname="test.validation.test_distribution_overbounder" name="test_SymmetricGPO" time="45.443" /></testsuite></testsuites>