<?xml version="1.0" encoding="utf-8"?><testsuites><testsuite name="pytest" errors="0" failures="0" skipped="0" tests="17" time="327.030" timestamp="2023-04-26T13:28:50.017340" hostname="8bc7fce2ad9b"><testcase classname="test.validation.test_distribution_estimator" name="test_Gaussian_KS" time="0.301" /><testcase classname="test.validation.test_distribution_estimator" name="test_Gaussian_CVM" time="0.236" /><testcase classname="test.validation.test_distribution_estimator" name="test_Gaussian_AD" time="0.320" /><testcase classname="test.validation.test_distribution_estimator" name="test_StudentsT_KS" time="1.421" /><testcase classname="test.validation.test_distribution_estimator" name="test_StudentsT_CVM" time="1.438" /><testcase classname="test.validation.test_distribution_estimator" name="test_StudentsT_AD" time="0.313" /><testcase classname="test.validation.test_distribution_estimator" name="test_Cauchy_KS" time="2.737" /><testcase classname="test.validation.test_distribution_estimator" name="test_Cauchy_CVM" time="2.222" /><testcase classname="test.validation.test_distribution_estimator" name="test_Cauchy_AD" time="2.646" /><testcase classname="test.validation.test_distribution_estimator" name="test_GPD_Grimshaw_MLE" time="0.015" /><testcase classname="test.validation.test_distribution_estimator" name="test_GPD_MOM" time="0.001" /><testcase classname="test.validation.test_distribution_estimator" name="test_GPD_PWM" time="0.002" /><testcase classname="test.validation.test_distribution_overbounder" name="test_FusionGaussian" time="0.009" /><testcase classname="test.validation.test_distribution_overbounder" name="test_SymmetricGaussianOverbound" time="37.209" /><testcase classname="test.validation.test_distribution_overbounder" name="test_SymmetricGPO" time="68.636" /><testcase classname="test.validation.test_distribution_overbounder" name="test_PairedGaussianOverbound" time="47.754" /><testcase classname="test.validation.test_distribution_overbounder" name="test_PairedGPO" time="159.590" /></testsuite></testsuites>